<?xml version="1.0" encoding="UTF-8"?>
<testng-results ignored="0" total="1" passed="1" failed="0" skipped="0">
  <reporter-output>
  </reporter-output>
  <suite started-at="2023-10-16T13:19:41 CEST" name="Default Suite" finished-at="2023-10-16T13:20:17 CEST" duration-ms="36009">
    <groups>
    </groups>
    <test started-at="2023-10-16T13:19:41 CEST" name="ola_automation-master" finished-at="2023-10-16T13:20:17 CEST" duration-ms="36009">
      <class name="LoginTest">
        <test-method is-config="true" signature="beforeEveryMethod()[pri:0, instance:LoginTest@5dda14d0]" started-at="2023-10-16T13:19:41 CEST" name="beforeEveryMethod" finished-at="2023-10-16T13:19:51 CEST" duration-ms="9444" status="PASS">
          <reporter-output>
          </reporter-output>
        </test-method> <!-- beforeEveryMethod -->
        <test-method signature="loginTest()[pri:0, instance:LoginTest@5dda14d0]" started-at="2023-10-16T13:19:51 CEST" name="loginTest" finished-at="2023-10-16T13:20:17 CEST" duration-ms="26175" status="PASS">
          <reporter-output>
          </reporter-output>
        </test-method> <!-- loginTest -->
        <test-method is-config="true" signature="tearDown()[pri:0, instance:LoginTest@5dda14d0]" started-at="2023-10-16T13:20:17 CEST" name="tearDown" finished-at="2023-10-16T13:20:17 CEST" duration-ms="151" status="PASS">
          <reporter-output>
          </reporter-output>
        </test-method> <!-- tearDown -->
      </class> <!-- LoginTest -->
    </test> <!-- ola_automation-master -->
  </suite> <!-- Default Suite -->
</testng-results>
